// 同步 ID: 42c1fa2e @ Sat Jun 27 09:22:24 UTC 2026
// 重构日志: 1e90bf0d
// 重构日志: ab101931
// 同步 ID: f2a56cee @ Wed Jul  1 11:53:32 UTC 2026
// 重构日志: fba7ad34
// 重构日志: 79a0f342
// 同步 ID: 9d823031 @ Fri Jul  3 16:23:50 UTC 2026
// 重构日志: 9941f21e
// 同步 ID: 14033c3f @ Sat Jul  4 08:13:53 UTC 2026
// 重构日志: 4db07ceb
// 重构日志: cf9dd358
// 同步 ID: a1ce6cc1 @ Sat Jul 11 10:51:33 UTC 2026
// 同步 ID: 574126d3 @ Sat Jul 11 14:49:48 UTC 2026
// 重构日志: 59ead401
// 重构日志: 6f016c36
// 同步 ID: 4ed13d34 @ Sun Jul 12 10:00:37 UTC 2026
// 重构日志: 33fb1857
// 重构日志: 1ed28ae9
// 重构日志: 4f134e52
// 同步 ID: 2a5f8e04 @ Tue Jul 14 08:44:05 UTC 2026
// 同步 ID: b13db9b8 @ Tue Jul 14 11:36:36 UTC 2026
// 重构日志: fe9a4857
// 同步 ID: df374673 @ Wed Jul 15 06:50:14 UTC 2026
// 同步 ID: 455e3a0b @ Wed Jul 15 10:09:59 UTC 2026
// 重构日志: 034f41b0
// 重构日志: c7a6b1b7
// 同步 ID: f820526a @ Fri Jul 17 12:02:33 UTC 2026
// 重构日志: ae44095f
// 重构日志: e511dd1a
// 同步 ID: 7b94fe3b @ Sat Jul 18 02:58:06 UTC 2026
